TN:
SF:app.js
FN:26,(anonymous_0)
FN:39,(anonymous_1)
FN:47,(anonymous_2)
FN:55,(anonymous_3)
FN:60,(anonymous_4)
FN:68,(anonymous_5)
FN:79,(anonymous_6)
FNF:7
FNH:1
FNDA:0,(anonymous_0)
FNDA:0,(anonymous_1)
FNDA:0,(anonymous_2)
FNDA:0,(anonymous_3)
FNDA:2,(anonymous_4)
FNDA:0,(anonymous_5)
FNDA:0,(anonymous_6)
DA:1,1
DA:2,1
DA:3,1
DA:4,1
DA:5,1
DA:6,1
DA:8,1
DA:11,1
DA:12,1
DA:15,1
DA:16,1
DA:17,1
DA:18,1
DA:21,1
DA:22,0
DA:26,1
DA:27,0
DA:28,0
DA:31,0
DA:32,0
DA:33,0
DA:35,0
DA:39,1
DA:40,0
DA:44,1
DA:47,1
DA:48,0
DA:55,1
DA:56,0
DA:60,1
DA:61,2
DA:68,1
DA:69,0
DA:70,0
DA:77,1
DA:78,0
DA:79,0
DA:80,0
DA:81,0
DA:82,0
DA:83,0
DA:84,0
DA:85,0
DA:86,0
DA:87,0
DA:91,1
LF:46
LH:24
BRDA:21,0,0,0
BRDA:21,0,1,1
BRDA:27,1,0,0
BRDA:27,1,1,0
BRDA:27,2,0,0
BRDA:27,2,1,0
BRDA:32,3,0,0
BRDA:32,3,1,0
BRDA:72,4,0,0
BRDA:72,4,1,0
BRDA:77,5,0,0
BRDA:77,5,1,1
BRDA:78,6,0,0
BRDA:78,6,1,0
BRF:14
BRH:2
end_of_record
TN:
SF:config/firebase.js
FNF:0
FNH:0
DA:1,2
DA:2,2
DA:3,2
DA:5,2
DA:17,2
DA:18,2
DA:21,2
DA:22,0
DA:23,0
DA:28,0
DA:32,2
LF:11
LH:8
BRDA:21,0,0,0
BRDA:21,0,1,2
BRF:2
BRH:1
end_of_record
TN:
SF:middleware/debug.js
FN:1,(anonymous_0)
FNF:1
FNH:0
FNDA:0,(anonymous_0)
DA:1,1
DA:2,0
DA:3,0
DA:4,0
DA:5,0
DA:6,0
DA:7,0
DA:8,0
DA:9,0
DA:10,0
DA:13,1
LF:11
LH:2
BRF:0
BRH:0
end_of_record
TN:
SF:routes/auth.js
FN:7,(anonymous_0)
FN:12,(anonymous_1)
FN:25,(anonymous_2)
FN:43,(anonymous_3)
FN:50,(anonymous_4)
FN:67,(anonymous_5)
FN:68,(anonymous_6)
FNF:7
FNH:5
FNDA:0,(anonymous_0)
FNDA:2,(anonymous_1)
FNDA:2,(anonymous_2)
FNDA:1,(anonymous_3)
FNDA:2,(anonymous_4)
FNDA:1,(anonymous_5)
FNDA:0,(anonymous_6)
DA:1,2
DA:2,2
DA:3,2
DA:4,2
DA:7,2
DA:8,0
DA:12,2
DA:13,2
DA:14,2
DA:15,1
DA:17,1
DA:25,2
DA:26,2
DA:28,2
DA:29,2
DA:30,2
DA:32,0
DA:33,0
DA:43,2
DA:44,1
DA:50,2
DA:51,2
DA:52,2
DA:53,2
DA:58,0
DA:59,0
DA:67,2
DA:68,1
DA:69,0
DA:73,2
LF:30
LH:24
BRDA:13,0,0,2
BRDA:13,0,1,2
BRDA:14,1,0,1
BRDA:14,1,1,1
BRDA:30,2,0,2
BRDA:30,2,1,2
BRF:6
BRH:6
end_of_record
